2019-09-14T10:22:16.085Z - normal: Load ~/.CocosCreator/settings.json
2019-09-14T10:22:17.403Z - normal: Initializing Asset Database
2019-09-14T10:22:17.454Z - normal: checking language setting...
2019-09-14T10:22:17.454Z - normal: Language: en
2019-09-14T10:22:19.703Z - success: preview server running at http://localhost:7456
2019-09-14T10:22:19.709Z - success: protocol editor-framework registered
2019-09-14T10:22:19.709Z - success: protocol app registered
2019-09-14T10:22:19.709Z - success: protocol theme registered
2019-09-14T10:22:19.709Z - success: protocol packages registered
2019-09-14T10:22:19.711Z - success: protocol uuid registerred
2019-09-14T10:22:19.711Z - success: protocol db registerred
2019-09-14T10:22:19.711Z - success: protocol thumbnail registerred
2019-09-14T10:22:19.711Z - success: protocol unpack registerred
2019-09-14T10:22:19.711Z - success: protocol disable-commonjs registerred
2019-09-14T10:22:21.966Z - normal: connected!
2019-09-14T10:22:21.969Z - normal: Check project C:\Users\sweshi\OneDrive\Documents\MySpaceShooter
2019-09-14T10:22:21.973Z - normal: Initializing project C:\Users\sweshi\OneDrive\Documents\MySpaceShooter
2019-09-14T10:22:23.506Z - normal: Initializing Cocos2d
2019-09-14T10:22:25.839Z - normal: Initializing engine extends
2019-09-14T10:22:25.911Z - success: asset-db-debugger loaded
2019-09-14T10:22:25.916Z - success: baidu-adapter loaded
2019-09-14T10:22:25.921Z - success: color-picker loaded
2019-09-14T10:22:26.227Z - success: fb-audience-network loaded
2019-09-14T10:22:26.450Z - success: fb-live-stream loaded
2019-09-14T10:22:26.464Z - success: google-play-instant loaded
2019-09-14T10:22:26.479Z - success: huawei-runtime loaded
2019-09-14T10:22:27.162Z - success: cpk-publish loaded
2019-09-14T10:22:27.163Z - success: jsb-adapter loaded
2019-09-14T10:22:27.177Z - success: oppo-runtime loaded
2019-09-14T10:22:27.186Z - success: package-manager loaded
2019-09-14T10:22:27.461Z - success: qqplay-adapter loaded
2019-09-14T10:22:27.465Z - success: runtime-dev-tools loaded
2019-09-14T10:22:27.475Z - success: sdkbox loaded
2019-09-14T10:22:27.483Z - success: tester loaded
2019-09-14T10:22:27.489Z - success: ui-grid loaded
2019-09-14T10:22:27.494Z - success: ui-kit-preview-extra loaded
2019-09-14T10:22:27.498Z - success: ui-kit-preview loaded
2019-09-14T10:22:27.502Z - success: ui-kit loaded
2019-09-14T10:22:27.506Z - success: ui-tree loaded
2019-09-14T10:22:27.521Z - success: vivo-runtime loaded
2019-09-14T10:22:27.522Z - success: weapp-adapter loaded
2019-09-14T10:22:27.524Z - success: xiaomi-adapter loaded
2019-09-14T10:22:27.630Z - success: assets loaded
2019-09-14T10:22:27.633Z - success: builder loaded
2019-09-14T10:22:28.298Z - success: cocos-services loaded
2019-09-14T10:22:28.307Z - success: console loaded
2019-09-14T10:22:28.374Z - success: fb-instant-games loaded
2019-09-14T10:22:28.380Z - success: game-window loaded
2019-09-14T10:22:28.383Z - success: google-instant-games loaded
2019-09-14T10:22:28.396Z - success: hierarchy loaded
2019-09-14T10:22:28.400Z - success: inspector loaded
2019-09-14T10:22:28.403Z - success: keystore loaded
2019-09-14T10:22:28.414Z - success: node-library loaded
2019-09-14T10:22:28.425Z - success: package-asset loaded
2019-09-14T10:22:28.427Z - success: preferences loaded
2019-09-14T10:22:28.430Z - success: project-exporter loaded
2019-09-14T10:22:28.434Z - success: project-importer loaded
2019-09-14T10:22:28.441Z - success: project-settings loaded
2019-09-14T10:22:28.450Z - success: scene loaded
2019-09-14T10:22:28.452Z - success: simulator-debugger loaded
2019-09-14T10:22:28.454Z - success: sprite-editor loaded
2019-09-14T10:22:28.462Z - success: store loaded
2019-09-14T10:22:28.469Z - success: timeline loaded
2019-09-14T10:22:28.481Z - success: xiaomi-runtime loaded
2019-09-14T10:22:39.911Z - info: Cocos Services load base data!
2019-09-14T10:23:34.192Z - normal: Loading packages
2019-09-14T10:23:34.210Z - normal: Watching packages
2019-09-14T10:23:36.892Z - normal: Run Application
2019-09-14T10:24:24.368Z - error: Window "main" unresponsive: [object Object]
    at BrowserWindow.nativeWin.on.e (D:\PROGRAMS\CocosCreator\resources\app.asar\editor-framework\lib\main\window.js:1:2243)
    at emitOne (events.js:96:13)
    at BrowserWindow.emit (events.js:191:7)
